2025-07-31 11:06:20 [database] [32minfo[39m: Connected to MongoDB successfully
2025-07-31 11:06:20 [server] [32minfo[39m: Database connected successfully
2025-07-31 11:06:20 [data-retention-job] [32minfo[39m: Data retention job scheduled to run daily at midnight UTC.
2025-07-31 11:06:20 [server] [32minfo[39m: 🚀 AI Storyteller Backend running on port 3001
2025-07-31 11:06:20 [server] [32minfo[39m: Environment: development
2025-07-31 11:39:19 [database] [33mwarn[39m: MongoDB disconnected
2025-07-31 11:39:29 [database] [32minfo[39m: MongoDB reconnected
2025-07-31 11:40:51 [database] [33mwarn[39m: MongoDB disconnected
2025-07-31 11:41:51 [database] [32minfo[39m: MongoDB reconnected
2025-07-31 11:44:48 [database] [33mwarn[39m: MongoDB disconnected
2025-07-31 11:53:39 [database] [32minfo[39m: MongoDB reconnected
2025-07-31 11:56:38 [database] [33mwarn[39m: MongoDB disconnected
2025-07-31 11:57:28 [database] [32minfo[39m: MongoDB reconnected
2025-07-31 12:58:17 [database] [33mwarn[39m: MongoDB disconnected
2025-07-31 12:58:27 [database] [32minfo[39m: MongoDB reconnected
2025-07-31 14:55:33 [server] [32minfo[39m: SIGINT received, shutting down gracefully
2025-07-31 14:55:50 [database] [32minfo[39m: Connected to MongoDB successfully
2025-07-31 14:55:50 [server] [32minfo[39m: Database connected successfully
2025-07-31 14:55:50 [data-retention-job] [32minfo[39m: Data retention job scheduled to run daily at midnight UTC.
2025-07-31 14:55:50 [server] [32minfo[39m: 🚀 AI Storyteller Backend running on port 3001
2025-07-31 14:55:50 [server] [32minfo[39m: Environment: development
2025-07-31 15:01:28 [server] [32minfo[39m: SIGINT received, shutting down gracefully
2025-07-31 15:01:57 [database] [32minfo[39m: Connected to MongoDB successfully
2025-07-31 15:01:57 [server] [32minfo[39m: Database connected successfully
2025-07-31 15:01:57 [data-retention-job] [32minfo[39m: Data retention job scheduled to run daily at midnight UTC.
2025-07-31 15:01:57 [server] [32minfo[39m: 🚀 AI Storyteller Backend running on port 3001
2025-07-31 15:01:57 [server] [32minfo[39m: Environment: development
2025-07-31 15:02:17 [server] [32minfo[39m: SIGINT received, shutting down gracefully
2025-07-31 15:03:46 [database] [32minfo[39m: Connected to MongoDB successfully
2025-07-31 15:03:46 [server] [32minfo[39m: Database connected successfully
2025-07-31 15:03:46 [data-retention-job] [32minfo[39m: Data retention job scheduled to run daily at midnight UTC.
2025-07-31 15:03:46 [server] [32minfo[39m: 🚀 AI Storyteller Backend running on port 3001
2025-07-31 15:03:46 [server] [32minfo[39m: Environment: development
2025-07-31 15:04:15 [server] [32minfo[39m: SIGINT received, shutting down gracefully
2025-07-31 15:06:47 [database] [32minfo[39m: Connected to MongoDB successfully
2025-07-31 15:06:47 [server] [32minfo[39m: Database connected successfully
2025-07-31 15:06:47 [data-retention-job] [32minfo[39m: Data retention job scheduled to run daily at midnight UTC.
2025-07-31 15:06:47 [server] [32minfo[39m: 🚀 AI Storyteller Backend running on port 3001
2025-07-31 15:06:47 [server] [32minfo[39m: Environment: development
2025-07-31 15:10:58 [server] [32minfo[39m: SIGINT received, shutting down gracefully
2025-07-31 15:11:23 [database] [32minfo[39m: Connected to MongoDB successfully
2025-07-31 15:11:23 [server] [32minfo[39m: Database connected successfully
2025-07-31 15:11:23 [data-retention-job] [32minfo[39m: Data retention job scheduled to run daily at midnight UTC.
2025-07-31 15:11:23 [server] [32minfo[39m: 🚀 AI Storyteller Backend running on port 3001
2025-07-31 15:11:23 [server] [32minfo[39m: Environment: development
2025-07-31 15:11:47 [server] [32minfo[39m: SIGINT received, shutting down gracefully
